<?xml version="1.0" encoding="UTF-8"?>
<!-- Generated by org.testng.reporters.JUnitXMLReporter -->
<testsuite ignored="0" hostname="Mickey" failures="1" tests="3" name="Error Validations Test" time="15.271" errors="0" timestamp="2024-10-15T18:48:43 IST">
  <testcase classname="rm.Tests.ErrorValidationsTest" name="LoginErrorValidation" time="1.233">
    <skipped/>
  </testcase> <!-- LoginErrorValidation -->
  <testcase classname="rm.Tests.ErrorValidationsTest" name="LoginErrorValidation" time="1.464">
    <failure type="java.lang.AssertionError" message="expected [Incorrect email or password.] but found [Incorrect email  password.]">
      <![CDATA[java.lang.AssertionError: expected [Incorrect email or password.] but found [Incorrect email  password.]
at rm.Tests.ErrorValidationsTest.LoginErrorValidation(ErrorValidationsTest.java:25)
at java.base/java.util.ArrayList.forEach(ArrayList.java:1511)
at java.base/java.util.concurrent.FutureTask.run(FutureTask.java:264)
at java.base/java.util.concurrent.ThreadPoolExecutor.runWorker(ThreadPoolExecutor.java:1136)
at java.base/java.util.concurrent.ThreadPoolExecutor$Worker.run(ThreadPoolExecutor.java:635)
at java.base/java.lang.Thread.run(Thread.java:842)
... Removed 24 stack frames]]>
    </failure>
  </testcase> <!-- LoginErrorValidation -->
  <testcase classname="rm.Tests.ErrorValidationsTest" name="ProductErrorValidation" time="2.818"/>
</testsuite> <!-- Error Validations Test -->
